Executing mutations: ShortestPath
	Executing mutant: CMO-M-ADD_Block_statements_1.xmi
	[N:3], [N:2], [K:16], [K:4], [N:7], [K:10], [N:15], [K:18], [K:6], [K:11], [K:12], [K:19], [K:14], [N:20], [N:1], [K:9], [N:17], [K:8], [K:5], [N:13], 		Mutant [CMO-M-ADD_Block_statements_1.xmi] is killed

	Executing mutant: CMO-M-ADD_Block_statements_10.xmi
	[E:6], [E:16], [E:1], [E:13], [E:4], [E:12], [E:19], [E:17], [E:20], [E:14], [E:15], [E:8], [E:10], [E:11], [E:18], [E:2], [E:7], [E:5], [E:3], [E:9], 		Mutant [CMO-M-ADD_Block_statements_10.xmi] is trivial

	Executing mutant: CMO-M-ADD_Block_statements_11.xmi
	[K:18], [K:10], [K:12], [K:5], [K:8], [K:3], [K:6], [K:11], [K:14], [K:20], [K:2], [K:1], [K:17], [K:19], [K:4], [K:9], [K:15], [K:13], [K:16], [K:7], 		Mutant [CMO-M-ADD_Block_statements_11.xmi] is trivial

	Executing mutant: CMO-M-ADD_Block_statements_12.xmi
	[E:17], [E:14], [E:19], [E:5], [E:2], [E:6], [E:7], [E:11], [E:8], [E:20], [E:15], [E:1], [E:4], [E:18], [E:12], [E:10], [E:9], [E:13], [E:3], [E:16], 		Mutant [CMO-M-ADD_Block_statements_12.xmi] is trivial

	Executing mutant: CMO-M-ADD_Block_statements_13.xmi
	[K:20], [K:14], [K:15], [K:2], [K:17], [K:4], [K:5], [K:16], [K:7], [K:13], [K:8], [K:1], [K:19], [K:11], [K:6], [K:10], [K:18], [K:9], [K:12], [K:3], 		Mutant [CMO-M-ADD_Block_statements_13.xmi] is trivial

	Executing mutant: CMO-M-ADD_Block_statements_14.xmi
	[N:7], [N:3], [N:15], [N:20], [K:12], [K:6], [K:11], [K:14], [K:16], [K:19], [K:10], [N:13], [K:18], [K:9], [N:2], [K:4], [K:8], [K:5], [N:1], [N:17], 		Mutant [CMO-M-ADD_Block_statements_14.xmi] is killed

	Executing mutant: CMO-M-ADD_Block_statements_2.xmi
	[K:9], [K:6], [K:14], [K:13], [K:1], [K:20], [K:11], [K:12], [K:16], [K:7], [K:2], [K:10], [K:8], [K:19], [K:3], [K:5], [K:17], [K:4], [K:18], [K:15], 		Mutant [CMO-M-ADD_Block_statements_2.xmi] is trivial

	Executing mutant: CMO-M-ADD_Block_statements_3.xmi
	[E:2], [E:11], [E:4], [E:10], [E:12], [E:3], [E:7], [E:14], [E:20], [E:1], [E:9], [E:17], [E:19], [E:6], [E:13], [E:18], [E:8], [E:5], [E:15], [E:16], 		Mutant [CMO-M-ADD_Block_statements_3.xmi] is trivial

	Executing mutant: CMO-M-ADD_Block_statements_4.xmi
	[E:11], [E:3], [E:2], [E:10], [E:18], [E:15], [E:8], [E:16], [E:14], [E:20], [E:17], [E:4], [E:5], [E:6], [E:12], [E:9], [E:13], [E:19], [E:1], [E:7], 		Mutant [CMO-M-ADD_Block_statements_4.xmi] is trivial

	Executing mutant: CMO-M-ADD_Block_statements_5.xmi
	[E:5], [E:14], [E:1], [E:12], [E:17], [E:10], [E:18], [E:9], [E:13], [E:15], [E:3], [E:8], [E:16], [E:19], [E:20], [E:7], [E:11], [E:2], [E:6], [E:4], 		Mutant [CMO-M-ADD_Block_statements_5.xmi] is trivial

	Executing mutant: CMO-M-ADD_Block_statements_6.xmi
	[Exceed time allowance][Exceed time allowance][Exceed time allowance][Exceed time allowance][Exceed time allowance][Exceed time allowance][Exceed time allowance][Exceed time allowance][Exceed time allowance][Exceed time allowance][Exceed time allowance][Exceed time allowance][Exceed time allowance][Exceed time allowance][Exceed time allowance][Exceed time allowance][Exceed time allowance][Exceed time allowance][Exceed time allowance][Exceed time allowance]		Mutant [CMO-M-ADD_Block_statements_6.xmi] is trivial

	Executing mutant: CMO-M-ADD_Block_statements_7.xmi
	[E:12], [E:10], [E:17], [E:5], [E:16], [E:11], [E:14], [E:18], [E:8], [E:1], [E:4], [E:6], [E:7], [E:3], [E:9], [E:15], [E:19], [E:20], [E:2], [E:13], 		Mutant [CMO-M-ADD_Block_statements_7.xmi] is trivial

	Executing mutant: CMO-M-ADD_Block_statements_8.xmi
	[K:20], [K:3], [K:4], [K:8], [K:12], [K:13], [K:19], [K:14], [K:2], [K:6], [K:7], [K:15], [K:17], [K:1], [K:10], [K:16], [K:9], [K:5], [K:11], [K:18], 		Mutant [CMO-M-ADD_Block_statements_8.xmi] is trivial

	Executing mutant: CMO-M-ADD_Block_statements_9.xmi
	[K:8], [K:11], [K:5], [K:6], [K:1], [K:19], [K:13], [K:10], [K:14], [K:18], [K:2], [K:17], [K:20], [K:15], [K:12], [K:4], [K:7], [K:9], [K:16], [K:3], 		Mutant [CMO-M-ADD_Block_statements_9.xmi] is trivial

	Executing mutant: CMO-M-ADD_MethodCallExpression_arguments_1.xmi
	[K:6], [K:11], [K:12], [K:19], [K:10], [K:20], [K:4], [K:9], [K:1], [K:17], [K:2], [K:8], [K:3], [K:13], [K:15], [K:18], [K:7], [K:14], [K:5], [K:16], 		Mutant [CMO-M-ADD_MethodCallExpression_arguments_1.xmi] is trivial

	Executing mutant: CMO-M-ADD_MethodCallExpression_arguments_10.xmi
	[E:12], [E:20], [E:8], [E:11], [E:14], [E:15], [E:6], [E:9], [E:5], [E:16], [E:4], [E:13], [E:18], [E:10], [E:7], [E:19], [E:2], [E:1], [E:3], [E:17], 		Mutant [CMO-M-ADD_MethodCallExpression_arguments_10.xmi] is trivial

	Executing mutant: CMO-M-ADD_MethodCallExpression_arguments_2.xmi
	[E:1], [E:5], [E:6], [E:2], [E:19], [E:11], [E:13], [E:10], [E:18], [E:15], [E:16], [E:17], [E:8], [E:9], [E:4], [E:3], [E:14], [E:7], [E:12], [E:20], 		Mutant [CMO-M-ADD_MethodCallExpression_arguments_2.xmi] is trivial

	Executing mutant: CMO-M-ADD_MethodCallExpression_arguments_3.xmi
	[E:7], [E:18], [E:11], [E:8], [E:1], [E:2], [E:3], [E:16], [E:17], [E:20], [E:4], [E:15], [E:5], [E:6], [E:12], [E:19], [E:14], [E:9], [E:13], [E:10], 		Mutant [CMO-M-ADD_MethodCallExpression_arguments_3.xmi] is trivial

	Executing mutant: CMO-M-ADD_MethodCallExpression_arguments_4.xmi
	[E:15], [E:16], [E:18], [E:10], [E:17], [E:8], [E:1], [E:9], [E:6], [E:19], [E:3], [E:5], [E:11], [E:20], [E:4], [E:14], [E:2], [E:7], [E:13], [E:12], 		Mutant [CMO-M-ADD_MethodCallExpression_arguments_4.xmi] is trivial

	Executing mutant: CMO-M-ADD_MethodCallExpression_arguments_5.xmi
	[E:15], [E:11], [E:4], [E:16], [E:6], [E:8], [E:14], [E:18], [E:12], [E:2], [E:5], [E:9], [E:10], [E:7], [E:13], [E:17], [E:3], [E:20], [E:1], [E:19], 		Mutant [CMO-M-ADD_MethodCallExpression_arguments_5.xmi] is trivial

	Executing mutant: CMO-M-ADD_MethodCallExpression_arguments_6.xmi
	[E:16], [E:8], [E:14], [E:9], [E:20], [E:1], [E:18], [E:2], [E:10], [E:7], [E:17], [E:3], [E:4], [E:15], [E:12], [E:19], [E:5], [E:6], [E:11], [E:13], 		Mutant [CMO-M-ADD_MethodCallExpression_arguments_6.xmi] is trivial

	Executing mutant: CMO-M-ADD_MethodCallExpression_arguments_7.xmi
	[E:9], [E:8], [E:17], [E:20], [E:13], [E:7], [E:3], [E:4], [E:12], [E:18], [E:14], [E:6], [E:2], [E:5], [E:10], [E:1], [E:19], [E:11], [E:16], [E:15], 		Mutant [CMO-M-ADD_MethodCallExpression_arguments_7.xmi] is trivial

	Executing mutant: CMO-M-ADD_MethodCallExpression_arguments_8.xmi
	[E:4], [E:16], [E:19], [E:18], [E:13], [E:10], [E:7], [E:12], [E:8], [E:5], [E:1], [E:2], [E:14], [E:20], [E:3], [E:11], [E:6], [E:9], [E:15], [E:17], 		Mutant [CMO-M-ADD_MethodCallExpression_arguments_8.xmi] is trivial

	Executing mutant: CMO-M-ADD_MethodCallExpression_arguments_9.xmi
	[E:14], [E:4], [E:7], [E:6], [E:10], [E:15], [E:3], [E:12], [E:1], [E:2], [E:20], [E:8], [E:16], [E:5], [E:19], [E:13], [E:9], [E:11], [E:18], [E:17], 		Mutant [CMO-M-ADD_MethodCallExpression_arguments_9.xmi] is trivial

	Executing mutant: CMO-M-ADD_OperationDefinition_parameters_1.xmi
	[E:4], [E:2], [E:3], [E:16], [E:14], [E:1], [E:5], [E:17], [E:11], [E:15], [E:9], [E:10], [E:12], [E:18], [E:6], [E:7], [E:8], [E:19], [E:20], [E:13], 		Mutant [CMO-M-ADD_OperationDefinition_parameters_1.xmi] is trivial

	Executing mutant: CMO-M-ADD_OperationDefinition_parameters_2.xmi
	[E:5], [E:13], [E:16], [E:19], [E:18], [E:2], [E:10], [E:11], [E:3], [E:7], [E:8], [E:9], [E:12], [E:20], [E:6], [E:14], [E:1], [E:15], [E:17], [E:4], 		Mutant [CMO-M-ADD_OperationDefinition_parameters_2.xmi] is trivial

	Executing mutant: CMO-M-DEL_Block_statements_1.xmi
	[K:9], [K:7], [K:20], [K:2], [K:18], [K:1], [K:14], [K:17], [K:5], [K:11], [K:13], [K:19], [K:8], [K:3], [K:10], [K:15], [K:16], [K:4], [K:6], [K:12], 		Mutant [CMO-M-DEL_Block_statements_1.xmi] is trivial

	Executing mutant: CMO-M-DEL_Block_statements_10.xmi
	[K:12], [K:11], [K:2], [K:18], [K:19], [K:10], [K:8], [K:15], [K:5], [K:16], [K:4], [K:1], [K:6], [K:9], [K:3], [K:14], [K:7], [K:13], [K:20], [K:17], 		Mutant [CMO-M-DEL_Block_statements_10.xmi] is trivial

	Executing mutant: CMO-M-DEL_Block_statements_11.xmi
	[K:6], [K:14], [K:10], [K:7], [K:13], [K:16], [K:11], [K:15], [K:18], [K:4], [K:2], [K:1], [K:5], [K:17], [K:9], [K:8], [K:20], [K:12], [K:19], [K:3], 		Mutant [CMO-M-DEL_Block_statements_11.xmi] is trivial

	Executing mutant: CMO-M-DEL_Block_statements_12.xmi
	[K:19], [K:10], [K:3], [K:5], [K:13], [K:2], [K:1], [K:15], [K:18], [K:14], [K:20], [K:12], [K:4], [K:17], [K:8], [K:11], [K:7], [K:9], [K:16], [K:6], 		Mutant [CMO-M-DEL_Block_statements_12.xmi] is trivial

	Executing mutant: CMO-M-DEL_Block_statements_13.xmi
	[E:8], [E:1], [E:5], [E:7], [E:16], [E:6], [E:12], [E:14], [E:9], [E:11], [E:20], [E:10], [E:17], [E:19], [E:4], [E:18], [E:3], [E:2], [E:15], [E:13], 		Mutant [CMO-M-DEL_Block_statements_13.xmi] is trivial

	Executing mutant: CMO-M-DEL_Block_statements_14.xmi
	[E:20], [E:5], [E:6], [E:3], [E:12], [E:16], [E:11], [E:2], [E:15], [E:17], [E:4], [E:7], [E:13], [E:14], [E:8], [E:18], [E:9], [E:10], [E:19], [E:1], 		Mutant [CMO-M-DEL_Block_statements_14.xmi] is trivial

	Executing mutant: CMO-M-DEL_Block_statements_15.xmi
	[E:19], [E:6], [E:20], [E:7], [E:3], [E:5], [E:1], [E:2], [E:13], [E:12], [E:18], [E:9], [E:17], [E:11], [E:8], [E:10], [E:4], [E:16], [E:15], [E:14], 		Mutant [CMO-M-DEL_Block_statements_15.xmi] is trivial

	Executing mutant: CMO-M-DEL_Block_statements_16.xmi
	[K:18], [K:9], [K:2], [K:7], [K:12], [K:19], [K:20], [K:3], [K:11], [K:4], [K:5], [K:1], [K:6], [K:13], [K:17], [K:16], [K:14], [K:15], [K:8], [K:10], 		Mutant [CMO-M-DEL_Block_statements_16.xmi] is trivial

	Executing mutant: CMO-M-DEL_Block_statements_17.xmi
	[E:11], [E:3], [E:5], [E:20], [E:17], [E:7], [E:12], [E:18], [E:14], [E:9], [E:8], [E:1], [E:16], [E:19], [E:4], [E:15], [E:13], [E:2], [E:10], [E:6], 		Mutant [CMO-M-DEL_Block_statements_17.xmi] is trivial

	Executing mutant: CMO-M-DEL_Block_statements_18.xmi
	[E:11], [E:6], [E:17], [E:2], [E:13], [E:18], [E:3], [E:4], [E:12], [E:19], [E:20], [E:5], [E:15], [E:16], [E:10], [E:14], [E:8], [E:1], [E:9], [E:7], 		Mutant [CMO-M-DEL_Block_statements_18.xmi] is trivial

	Executing mutant: CMO-M-DEL_Block_statements_19.xmi
	[E:4], [E:15], [E:11], [E:3], [E:17], [E:20], [E:1], [E:10], [E:9], [E:12], [E:2], [E:19], [E:13], [E:18], [E:14], [E:16], [E:7], [E:6], [E:5], [E:8], 		Mutant [CMO-M-DEL_Block_statements_19.xmi] is trivial

	Executing mutant: CMO-M-DEL_Block_statements_2.xmi
	[K:3], [K:18], [K:7], [K:19], [K:5], [K:8], [K:15], [K:12], [K:6], [K:9], [K:13], [K:10], [K:4], [K:1], [K:17], [K:16], [K:14], [K:2], [K:11], [K:20], 		Mutant [CMO-M-DEL_Block_statements_2.xmi] is trivial

	Executing mutant: CMO-M-DEL_Block_statements_20.xmi
	[E:7], [E:14], [E:16], [E:12], [E:15], [E:19], [E:6], [E:9], [E:4], [E:18], [E:13], [E:2], [E:20], [E:11], [E:3], [E:5], [E:10], [E:17], [E:1], [E:8], 		Mutant [CMO-M-DEL_Block_statements_20.xmi] is trivial

	Executing mutant: CMO-M-DEL_Block_statements_21.xmi
	[E:7], [E:12], [E:13], [E:3], [E:16], [E:17], [E:19], [E:6], [E:18], [E:9], [E:5], [E:11], [E:1], [E:15], [E:4], [E:20], [E:10], [E:2], [E:8], [E:14], 		Mutant [CMO-M-DEL_Block_statements_21.xmi] is trivial

	Executing mutant: CMO-M-DEL_Block_statements_22.xmi
	[K:6], [K:19], [K:16], [K:10], [K:17], [K:4], [K:9], [K:11], [K:2], [K:12], [K:5], [K:7], [K:14], [K:1], [K:20], [K:18], [K:13], [K:3], [K:8], [K:15], 		Mutant [CMO-M-DEL_Block_statements_22.xmi] is trivial

	Executing mutant: CMO-M-DEL_Block_statements_23.xmi
	[K:10], [K:13], [K:1], [K:6], [K:16], [K:7], [K:12], [K:3], [K:8], [K:17], [K:5], [K:14], [K:2], [K:4], [K:15], [K:20], [K:18], [K:11], [K:9], [K:19], 		Mutant [CMO-M-DEL_Block_statements_23.xmi] is trivial

	Executing mutant: CMO-M-DEL_Block_statements_24.xmi
	[K:7], [K:8], [K:6], [K:17], [K:9], [K:15], [K:11], [K:13], [K:10], [K:12], [K:2], [K:14], [K:3], [K:1], [K:19], [K:4], [K:5], [K:20], [K:16], [K:18], 		Mutant [CMO-M-DEL_Block_statements_24.xmi] is trivial

	Executing mutant: CMO-M-DEL_Block_statements_25.xmi
	[E:1], [E:11], [E:13], [E:19], [E:9], [E:17], [E:20], [E:8], [E:3], [E:7], [E:16], [E:5], [E:4], [E:2], [E:12], [E:18], [E:10], [E:6], [E:14], [E:15], 		Mutant [CMO-M-DEL_Block_statements_25.xmi] is trivial

	Executing mutant: CMO-M-DEL_Block_statements_3.xmi
	[Exceed time allowance][Exceed time allowance][Exceed time allowance][Exceed time allowance][Exceed time allowance][Exceed time allowance][Exceed time allowance][Exceed time allowance][Exceed time allowance][Exceed time allowance][Exceed time allowance][Exceed time allowance][Exceed time allowance][Exceed time allowance][Exceed time allowance][Exceed time allowance][Exceed time allowance][Exceed time allowance][Exceed time allowance][Exceed time allowance]		Mutant [CMO-M-DEL_Block_statements_3.xmi] is trivial

	Executing mutant: CMO-M-DEL_Block_statements_4.xmi
	[K:6], [K:19], [K:16], [K:15], [K:1], [K:8], [K:18], [K:14], [K:10], [K:5], [K:9], [K:12], [K:3], [K:11], [K:4], [K:17], [K:2], [K:7], [K:13], [K:20], 		Mutant [CMO-M-DEL_Block_statements_4.xmi] is trivial

	Executing mutant: CMO-M-DEL_Block_statements_5.xmi
	[E:9], [E:10], [E:20], [E:1], [E:11], [E:16], [E:19], [E:17], [E:13], [E:8], [E:15], [E:3], [E:14], [E:18], [E:7], [E:6], [E:12], [E:5], [E:2], [E:4], 		Mutant [CMO-M-DEL_Block_statements_5.xmi] is trivial

	Executing mutant: CMO-M-DEL_Block_statements_6.xmi
	[K:19], [K:1], [K:20], [K:15], [K:10], [K:9], [K:6], [K:14], [K:11], [K:17], [K:5], [K:12], [K:4], [K:13], [K:18], [K:3], [K:16], [K:2], [K:7], [K:8], 		Mutant [CMO-M-DEL_Block_statements_6.xmi] is trivial

	Executing mutant: CMO-M-DEL_Block_statements_7.xmi
	[E:9], [E:10], [E:5], [E:8], [E:13], [E:15], [E:3], [E:18], [E:4], [E:11], [E:12], [E:19], [E:7], [E:2], [E:1], [E:17], [E:20], [E:6], [E:14], [E:16], 		Mutant [CMO-M-DEL_Block_statements_7.xmi] is trivial

	Executing mutant: CMO-M-DEL_Block_statements_8.xmi
	[K:15], [K:14], [K:13], [K:16], [K:10], [K:7], [K:19], [K:3], [K:20], [K:11], [K:12], [K:1], [K:2], [K:4], [K:6], [K:8], [K:5], [K:9], [K:17], [K:18], 		Mutant [CMO-M-DEL_Block_statements_8.xmi] is trivial

	Executing mutant: CMO-M-DEL_Block_statements_9.xmi
	[E:8], [E:15], [E:3], [E:5], [E:14], [E:7], [E:10], [E:20], [E:18], [E:19], [E:13], [E:11], [E:17], [E:1], [E:4], [E:9], [E:12], [E:16], [E:2], [E:6], 		Mutant [CMO-M-DEL_Block_statements_9.xmi] is trivial

	Executing mutant: CMO-M-DEL_EOLModule_operations_1.xmi
	[E:17], [E:18], [E:20], [E:3], [E:11], [E:7], [E:1], [E:12], [E:16], [E:13], [E:8], [E:9], [E:4], [E:15], [E:5], [E:6], [E:14], [E:19], [E:2], [E:10], 		Mutant [CMO-M-DEL_EOLModule_operations_1.xmi] is trivial

	Executing mutant: CMO-M-DEL_EOLModule_operations_2.xmi
	[E:16], [E:11], [E:19], [E:14], [E:8], [E:20], [E:2], [E:3], [E:17], [E:5], [E:9], [E:18], [E:12], [E:6], [E:4], [E:13], [E:7], [E:1], [E:10], [E:15], 		Mutant [CMO-M-DEL_EOLModule_operations_2.xmi] is trivial

	Executing mutant: CMO-M-DEL_MethodCallExpression_arguments_1.xmi
	[N:17], [N:16], [N:1], [N:11], [N:8], [N:2], [K:4], [N:3], [K:5], [N:10], [K:9], [N:12], [N:18], [N:13], [N:20], [K:14], [N:19], [N:6], [N:7], [N:15], 		Mutant [CMO-M-DEL_MethodCallExpression_arguments_1.xmi] is killed

	Executing mutant: CMO-M-REP_Block_statements_1.xmi
	[K:14], [K:20], [K:9], [K:8], [K:5], [K:7], [K:11], [K:3], [K:10], [K:18], [K:2], [K:6], [K:19], [K:4], [K:17], [K:1], [K:13], [K:15], [K:12], [K:16], 		Mutant [CMO-M-REP_Block_statements_1.xmi] is trivial

	Executing mutant: CMO-M-REP_Block_statements_2.xmi
	[E:10], [E:2], [E:9], [E:13], [E:20], [E:6], [E:12], [E:8], [E:17], [E:5], [E:1], [E:3], [E:4], [E:11], [E:19], [E:14], [E:16], [E:18], [E:7], [E:15], 		Mutant [CMO-M-REP_Block_statements_2.xmi] is trivial

	Executing mutant: CMO-M-REP_Block_statements_3.xmi
	[K:20], [K:6], [K:9], [K:3], [K:8], [K:7], [K:10], [K:15], [K:5], [K:16], [K:13], [K:4], [K:14], [K:19], [K:11], [K:17], [K:2], [K:1], [K:18], [K:12], 		Mutant [CMO-M-REP_Block_statements_3.xmi] is trivial

	Executing mutant: CMO-M-REP_Block_statements_4.xmi
	[K:11], [K:13], [K:3], [K:18], [K:10], [K:16], [K:5], [K:20], [K:19], [K:8], [K:1], [K:12], [K:15], [K:17], [K:6], [K:2], [K:14], [K:7], [K:9], [K:4], 		Mutant [CMO-M-REP_Block_statements_4.xmi] is trivial

	Executing mutant: CMO-M-REP_Block_statements_5.xmi
	[N:15], [N:11], [N:13], [N:1], [N:4], [N:7], [N:6], [N:16], [N:12], [N:18], [N:14], [N:8], [N:9], [N:10], [N:17], [N:2], [N:3], [N:19], [N:20], [N:5], 		Mutant [CMO-M-REP_Block_statements_5.xmi] is NOT killed

	Executing mutant: CMO-M-REP_FOLMethodCallExpression_conditions_1.xmi
	[E:3], [E:14], [E:1], [E:12], [E:13], [E:6], [E:10], [E:2], [E:8], [E:17], [E:5], [E:4], [E:9], [E:11], [E:19], [E:20], [E:7], [E:18], [E:16], [E:15], 		Mutant [CMO-M-REP_FOLMethodCallExpression_conditions_1.xmi] is trivial

	Executing mutant: CMO-M-REP_FOLMethodCallExpression_conditions_2.xmi
	[E:4], [E:5], [E:16], [E:12], [E:13], [E:2], [E:3], [E:8], [E:10], [E:20], [E:11], [E:17], [E:15], [E:18], [E:7], [E:14], [E:19], [E:1], [E:9], [E:6], 		Mutant [CMO-M-REP_FOLMethodCallExpression_conditions_2.xmi] is trivial

	Executing mutant: CMO-M-REP_FOLMethodCallExpression_conditions_3.xmi
	[K:8], [N:20], [K:9], [K:11], [N:1], [N:13], [K:12], [K:10], [K:19], [N:17], [K:14], [K:5], [K:18], [K:4], [K:16], [N:7], [N:15], [K:6], [N:3], [N:2], 		Mutant [CMO-M-REP_FOLMethodCallExpression_conditions_3.xmi] is killed

	Executing mutant: CMO-M-REP_FOLMethodCallExpression_conditions_4.xmi
	[E:6], [E:15], [E:11], [E:9], [E:18], [E:17], [E:19], [E:10], [E:20], [E:4], [E:8], [E:13], [E:16], [E:2], [E:5], [E:3], [E:12], [E:14], [E:1], [E:7], 		Mutant [CMO-M-REP_FOLMethodCallExpression_conditions_4.xmi] is trivial

	Executing mutant: CMO-M-REP_FOLMethodCallExpression_conditions_5.xmi
	[E:6], [E:18], [E:19], [E:16], [E:10], [E:1], [E:2], [E:17], [E:3], [E:9], [E:4], [E:5], [E:7], [E:11], [E:8], [E:14], [E:20], [E:13], [E:12], [E:15], 		Mutant [CMO-M-REP_FOLMethodCallExpression_conditions_5.xmi] is trivial

	Executing mutant: CMO-M-REP_FOLMethodCallExpression_conditions_6.xmi
	[E:6], [E:3], [E:4], [E:8], [E:10], [E:7], [E:20], [E:14], [E:17], [E:5], [E:2], [E:9], [E:15], [E:19], [E:11], [E:1], [E:18], [E:12], [E:16], [E:13], 		Mutant [CMO-M-REP_FOLMethodCallExpression_conditions_6.xmi] is trivial

	Executing mutant: CMO-M-REP_FOLMethodCallExpression_conditions_7.xmi
	[E:5], [E:19], [E:8], [E:13], [E:4], [E:1], [E:14], [E:6], [E:7], [E:18], [E:20], [E:11], [E:10], [E:17], [E:12], [E:9], [E:3], [E:15], [E:2], [E:16], 		Mutant [CMO-M-REP_FOLMethodCallExpression_conditions_7.xmi] is trivial

	Executing mutant: CMO-S-DEL_EOLModule_block_1.xmi
	[K:5], [K:11], [K:16], [K:19], [K:14], [K:13], [K:4], [K:8], [K:20], [K:12], [K:10], [K:2], [K:18], [K:1], [K:3], [K:9], [K:6], [K:15], [K:17], [K:7], 		Mutant [CMO-S-DEL_EOLModule_block_1.xmi] is trivial

	Executing mutant: CMO-S-DEL_ExpressionOrStatementBlock_block_1.xmi
	[E:17], [E:3], [E:6], [E:7], [E:11], [E:8], [E:13], [E:1], [E:12], [E:4], [E:15], [E:19], [E:9], [E:14], [E:18], [E:20], [E:5], [E:16], [E:2], [E:10], 		Mutant [CMO-S-DEL_ExpressionOrStatementBlock_block_1.xmi] is trivial

	Executing mutant: CMO-S-DEL_ExpressionOrStatementBlock_block_2.xmi
	[Exceed time allowance][Exceed time allowance][Exceed time allowance][Exceed time allowance][Exceed time allowance][Exceed time allowance][Exceed time allowance][Exceed time allowance][Exceed time allowance][Exceed time allowance][Exceed time allowance][Exceed time allowance][Exceed time allowance][Exceed time allowance][Exceed time allowance][Exceed time allowance][Exceed time allowance][Exceed time allowance][Exceed time allowance][Exceed time allowance]		Mutant [CMO-S-DEL_ExpressionOrStatementBlock_block_2.xmi] is trivial

	Executing mutant: CMO-S-DEL_ExpressionOrStatementBlock_block_3.xmi
	[K:1], [K:9], [K:15], [K:3], [K:10], [K:17], [K:6], [K:12], [K:4], [K:13], [K:14], [K:16], [K:8], [K:18], [K:19], [K:2], [K:7], [K:11], [K:5], [K:20], 		Mutant [CMO-S-DEL_ExpressionOrStatementBlock_block_3.xmi] is trivial

	Executing mutant: CMO-S-DEL_ExpressionOrStatementBlock_block_4.xmi
	[K:20], [K:4], [K:11], [K:18], [K:14], [K:17], [K:6], [K:9], [K:7], [K:13], [K:3], [K:2], [K:12], [K:16], [K:19], [K:10], [K:1], [K:15], [K:5], [K:8], 		Mutant [CMO-S-DEL_ExpressionOrStatementBlock_block_4.xmi] is trivial

	Executing mutant: CMO-S-DEL_ExpressionOrStatementBlock_block_5.xmi
	[K:9], [K:18], [K:1], [K:3], [K:4], [K:13], [K:2], [K:5], [K:14], [K:11], [K:17], [K:15], [K:7], [K:6], [K:12], [K:16], [K:19], [K:8], [K:20], [K:10], 		Mutant [CMO-S-DEL_ExpressionOrStatementBlock_block_5.xmi] is trivial

	Executing mutant: CMO-S-DEL_ExpressionOrStatementBlock_block_6.xmi
	[K:5], [K:13], [K:1], [K:7], [K:8], [K:17], [K:9], [K:14], [K:12], [K:4], [K:19], [K:2], [K:6], [K:16], [K:10], [K:11], [K:20], [K:3], [K:15], [K:18], 		Mutant [CMO-S-DEL_ExpressionOrStatementBlock_block_6.xmi] is trivial

	Executing mutant: CMO-S-DEL_FOLMethodCallExpression_target_1.xmi
	[E:1], [E:14], [E:10], [E:17], [E:2], [E:7], [E:8], [E:3], [E:6], [E:18], [E:4], [E:9], [E:5], [E:19], [E:20], [E:12], [E:15], [E:16], [E:11], [E:13], 		Mutant [CMO-S-DEL_FOLMethodCallExpression_target_1.xmi] is trivial

	Executing mutant: CMO-S-DEL_FOLMethodCallExpression_target_2.xmi
	[E:6], [E:12], [E:3], [E:2], [E:19], [E:4], [E:18], [E:20], [E:16], [E:1], [E:10], [E:13], [E:17], [E:7], [E:9], [E:14], [E:8], [E:5], [E:11], [E:15], 		Mutant [CMO-S-DEL_FOLMethodCallExpression_target_2.xmi] is trivial

	Executing mutant: CMO-S-DEL_MethodCallExpression_target_1.xmi
	[E:4], [E:7], [E:11], [E:5], [E:16], [E:18], [E:3], [E:13], [E:9], [E:14], [E:17], [E:19], [E:15], [E:12], [E:2], [E:10], [E:1], [E:8], [E:20], [E:6], 		Mutant [CMO-S-DEL_MethodCallExpression_target_1.xmi] is trivial

	Executing mutant: CMO-S-DEL_MethodCallExpression_target_10.xmi
	[E:2], [E:10], [E:6], [E:19], [E:20], [E:18], [E:9], [E:7], [E:3], [E:17], [E:11], [E:1], [E:5], [E:4], [E:8], [E:14], [E:12], [E:13], [E:15], [E:16], 		Mutant [CMO-S-DEL_MethodCallExpression_target_10.xmi] is trivial

	Executing mutant: CMO-S-DEL_MethodCallExpression_target_2.xmi
	[E:9], [E:19], [E:1], [E:18], [E:3], [E:12], [E:6], [E:17], [E:20], [E:5], [E:7], [E:14], [E:15], [E:16], [E:8], [E:10], [E:2], [E:4], [E:11], [E:13], 		Mutant [CMO-S-DEL_MethodCallExpression_target_2.xmi] is trivial

	Executing mutant: CMO-S-DEL_MethodCallExpression_target_3.xmi
	[E:14], [E:12], [E:4], [E:11], [E:3], [E:20], [E:1], [E:2], [E:9], [E:13], [E:7], [E:8], [E:15], [E:17], [E:10], [E:16], [E:5], [E:6], [E:18], [E:19], 		Mutant [CMO-S-DEL_MethodCallExpression_target_3.xmi] is trivial

	Executing mutant: CMO-S-DEL_MethodCallExpression_target_4.xmi
	[E:3], [E:20], [E:1], [E:9], [E:5], [E:2], [E:7], [E:17], [E:4], [E:18], [E:10], [E:6], [E:15], [E:8], [E:16], [E:12], [E:14], [E:11], [E:13], [E:19], 		Mutant [CMO-S-DEL_MethodCallExpression_target_4.xmi] is trivial

	Executing mutant: CMO-S-DEL_MethodCallExpression_target_5.xmi
	[E:2], [E:19], [E:8], [E:7], [E:17], [E:14], [E:3], [E:11], [E:12], [E:20], [E:15], [E:1], [E:4], [E:5], [E:18], [E:6], [E:9], [E:10], [E:13], [E:16], 		Mutant [CMO-S-DEL_MethodCallExpression_target_5.xmi] is trivial

	Executing mutant: CMO-S-DEL_MethodCallExpression_target_6.xmi
	[E:10], [E:7], [E:16], [E:11], [E:5], [E:15], [E:19], [E:8], [E:2], [E:4], [E:13], [E:9], [E:3], [E:14], [E:12], [E:6], [E:20], [E:18], [E:1], [E:17], 		Mutant [CMO-S-DEL_MethodCallExpression_target_6.xmi] is trivial

	Executing mutant: CMO-S-DEL_MethodCallExpression_target_7.xmi
	[E:5], [E:8], [E:16], [E:1], [E:6], [E:4], [E:7], [E:13], [E:19], [E:3], [E:12], [E:10], [E:15], [E:2], [E:9], [E:11], [E:14], [E:20], [E:17], [E:18], 		Mutant [CMO-S-DEL_MethodCallExpression_target_7.xmi] is trivial

	Executing mutant: CMO-S-DEL_MethodCallExpression_target_8.xmi
	[E:18], [E:16], [E:19], [E:10], [E:11], [E:5], [E:9], [E:1], [E:6], [E:14], [E:4], [E:7], [E:2], [E:12], [E:20], [E:17], [E:3], [E:15], [E:13], [E:8], 		Mutant [CMO-S-DEL_MethodCallExpression_target_8.xmi] is trivial

	Executing mutant: CMO-S-DEL_MethodCallExpression_target_9.xmi
	[E:15], [E:5], [E:4], [E:17], [E:16], [E:7], [E:2], [E:8], [E:12], [E:9], [E:10], [E:1], [E:18], [E:20], [E:14], [E:19], [E:13], [E:3], [E:11], [E:6], 		Mutant [CMO-S-DEL_MethodCallExpression_target_9.xmi] is trivial

	Executing mutant: CMO-S-DEL_OperationDefinition_body_1.xmi
		Mutant [CMO-S-DEL_OperationDefinition_body_1.xmi] is NOT valid

	Executing mutant: CMO-S-DEL_OperationDefinition_body_2.xmi
		Mutant [CMO-S-DEL_OperationDefinition_body_2.xmi] is NOT valid

	Executing mutant: CMO-S-DEL_PropertyCallExpression_target_1.xmi
		Mutant [CMO-S-DEL_PropertyCallExpression_target_1.xmi] is NOT valid

	Executing mutant: CMO-S-DEL_PropertyCallExpression_target_10.xmi
		Mutant [CMO-S-DEL_PropertyCallExpression_target_10.xmi] is NOT valid

	Executing mutant: CMO-S-DEL_PropertyCallExpression_target_11.xmi
		Mutant [CMO-S-DEL_PropertyCallExpression_target_11.xmi] is NOT valid

	Executing mutant: CMO-S-DEL_PropertyCallExpression_target_12.xmi
		Mutant [CMO-S-DEL_PropertyCallExpression_target_12.xmi] is NOT valid

	Executing mutant: CMO-S-DEL_PropertyCallExpression_target_13.xmi
		Mutant [CMO-S-DEL_PropertyCallExpression_target_13.xmi] is NOT valid

	Executing mutant: CMO-S-DEL_PropertyCallExpression_target_14.xmi
		Mutant [CMO-S-DEL_PropertyCallExpression_target_14.xmi] is NOT valid

	Executing mutant: CMO-S-DEL_PropertyCallExpression_target_15.xmi
		Mutant [CMO-S-DEL_PropertyCallExpression_target_15.xmi] is NOT valid

	Executing mutant: CMO-S-DEL_PropertyCallExpression_target_16.xmi
		Mutant [CMO-S-DEL_PropertyCallExpression_target_16.xmi] is NOT valid

	Executing mutant: CMO-S-DEL_PropertyCallExpression_target_17.xmi
		Mutant [CMO-S-DEL_PropertyCallExpression_target_17.xmi] is NOT valid

	Executing mutant: CMO-S-DEL_PropertyCallExpression_target_18.xmi
		Mutant [CMO-S-DEL_PropertyCallExpression_target_18.xmi] is NOT valid

	Executing mutant: CMO-S-DEL_PropertyCallExpression_target_19.xmi
		Mutant [CMO-S-DEL_PropertyCallExpression_target_19.xmi] is NOT valid

	Executing mutant: CMO-S-DEL_PropertyCallExpression_target_2.xmi
		Mutant [CMO-S-DEL_PropertyCallExpression_target_2.xmi] is NOT valid

	Executing mutant: CMO-S-DEL_PropertyCallExpression_target_20.xmi
		Mutant [CMO-S-DEL_PropertyCallExpression_target_20.xmi] is NOT valid

	Executing mutant: CMO-S-DEL_PropertyCallExpression_target_21.xmi
		Mutant [CMO-S-DEL_PropertyCallExpression_target_21.xmi] is NOT valid

	Executing mutant: CMO-S-DEL_PropertyCallExpression_target_22.xmi
		Mutant [CMO-S-DEL_PropertyCallExpression_target_22.xmi] is NOT valid

	Executing mutant: CMO-S-DEL_PropertyCallExpression_target_23.xmi
		Mutant [CMO-S-DEL_PropertyCallExpression_target_23.xmi] is NOT valid

	Executing mutant: CMO-S-DEL_PropertyCallExpression_target_24.xmi
		Mutant [CMO-S-DEL_PropertyCallExpression_target_24.xmi] is NOT valid

	Executing mutant: CMO-S-DEL_PropertyCallExpression_target_3.xmi
		Mutant [CMO-S-DEL_PropertyCallExpression_target_3.xmi] is NOT valid

	Executing mutant: CMO-S-DEL_PropertyCallExpression_target_4.xmi
		Mutant [CMO-S-DEL_PropertyCallExpression_target_4.xmi] is NOT valid

	Executing mutant: CMO-S-DEL_PropertyCallExpression_target_5.xmi
		Mutant [CMO-S-DEL_PropertyCallExpression_target_5.xmi] is NOT valid

	Executing mutant: CMO-S-DEL_PropertyCallExpression_target_6.xmi
		Mutant [CMO-S-DEL_PropertyCallExpression_target_6.xmi] is NOT valid

	Executing mutant: CMO-S-DEL_PropertyCallExpression_target_7.xmi
		Mutant [CMO-S-DEL_PropertyCallExpression_target_7.xmi] is NOT valid

	Executing mutant: CMO-S-DEL_PropertyCallExpression_target_8.xmi
		Mutant [CMO-S-DEL_PropertyCallExpression_target_8.xmi] is NOT valid

	Executing mutant: CMO-S-DEL_PropertyCallExpression_target_9.xmi
		Mutant [CMO-S-DEL_PropertyCallExpression_target_9.xmi] is NOT valid

	Executing mutant: CMO-S-REP_AssignmentStatement_rhs_1.xmi
	[K:5], [K:3], [K:18], [K:1], [K:7], [K:9], [K:2], [K:17], [K:10], [K:19], [K:11], [K:15], [K:12], [K:20], [K:4], [K:6], [K:8], [K:14], [K:13], [K:16], 		Mutant [CMO-S-REP_AssignmentStatement_rhs_1.xmi] is trivial

	Executing mutant: CMO-S-REP_AssignmentStatement_rhs_2.xmi
	[N:7], [N:16], [N:12], [N:4], [N:10], [N:14], [N:1], [N:6], [N:18], [N:19], [N:8], [N:15], [N:11], [N:9], [N:20], [N:3], [N:5], [N:17], [N:13], [N:2], 		Mutant [CMO-S-REP_AssignmentStatement_rhs_2.xmi] is NOT killed

	Executing mutant: CMO-S-REP_AssignmentStatement_rhs_3.xmi
	[K:3], [K:4], [K:7], [K:5], [K:12], [K:9], [K:15], [K:11], [K:6], [K:16], [K:2], [K:8], [K:18], [K:20], [K:10], [K:19], [K:13], [K:1], [K:14], [K:17], 		Mutant [CMO-S-REP_AssignmentStatement_rhs_3.xmi] is trivial

	Executing mutant: CMO-S-REP_AssignmentStatement_rhs_4.xmi
	[K:4], [K:11], [K:13], [K:20], [K:15], [K:12], [K:2], [K:19], [K:3], [K:9], [K:6], [K:1], [K:18], [K:7], [K:14], [K:16], [K:10], [K:8], [K:5], [K:17], 		Mutant [CMO-S-REP_AssignmentStatement_rhs_4.xmi] is trivial

	Executing mutant: CMO-S-REP_AssignmentStatement_rhs_5.xmi
	[K:18], [E:19], [K:7], [K:13], [K:9], [K:2], [K:8], [K:10], [E:12], [K:16], [K:20], [K:5], [E:6], [K:17], [K:4], [K:11], [K:3], [K:15], [K:1], [K:14], 		Mutant [CMO-S-REP_AssignmentStatement_rhs_5.xmi] is trivial

	Executing mutant: CMO-S-REP_FOLMethodCallExpression_method_1.xmi
	[E:13], [E:17], [E:3], [E:7], [E:12], [E:18], [E:16], [E:2], [E:1], [E:8], [E:19], [E:14], [E:15], [E:20], [E:6], [E:10], [E:4], [E:11], [E:9], [E:5], 		Mutant [CMO-S-REP_FOLMethodCallExpression_method_1.xmi] is trivial

	Executing mutant: CMO-S-REP_FOLMethodCallExpression_method_10.xmi
	[E:18], [E:15], [E:14], [E:2], [E:5], [E:10], [E:11], [E:9], [E:19], [E:12], [E:17], [E:7], [E:20], [E:6], [E:1], [E:8], [E:16], [E:13], [E:3], [E:4], 		Mutant [CMO-S-REP_FOLMethodCallExpression_method_10.xmi] is trivial

	Executing mutant: CMO-S-REP_FOLMethodCallExpression_method_2.xmi
	[E:11], [E:14], [N:20], [N:13], [N:3], [N:17], [N:1], [N:15], [E:9], [E:12], [E:6], [N:2], [E:5], [E:18], [E:19], [N:7], [E:8], [E:4], [E:10], [E:16], 		Mutant [CMO-S-REP_FOLMethodCallExpression_method_2.xmi] is killed

	Executing mutant: CMO-S-REP_FOLMethodCallExpression_method_3.xmi
	[N:19], [N:3], [N:6], [N:18], [N:14], [N:11], [N:8], [N:9], [N:12], [N:2], [N:15], [N:16], [N:4], [N:1], [N:10], [N:17], [N:7], [N:20], [N:5], [N:13], 		Mutant [CMO-S-REP_FOLMethodCallExpression_method_3.xmi] is NOT killed

	Executing mutant: CMO-S-REP_FOLMethodCallExpression_method_4.xmi
	[E:14], [E:7], [E:8], [E:3], [E:1], [E:20], [E:5], [E:11], [E:6], [E:10], [E:13], [E:15], [E:18], [E:19], [E:4], [E:12], [E:16], [E:17], [E:2], [E:9], 		Mutant [CMO-S-REP_FOLMethodCallExpression_method_4.xmi] is trivial

	Executing mutant: CMO-S-REP_FOLMethodCallExpression_method_5.xmi
	[E:9], [E:11], [E:17], [E:13], [E:1], [E:3], [E:7], [E:2], [E:8], [E:6], [E:14], [E:10], [E:5], [E:18], [E:4], [E:20], [E:16], [E:19], [E:12], [E:15], 		Mutant [CMO-S-REP_FOLMethodCallExpression_method_5.xmi] is trivial

	Executing mutant: CMO-S-REP_FOLMethodCallExpression_method_6.xmi
	[E:5], [E:14], [E:2], [E:12], [E:15], [E:18], [E:9], [E:16], [E:1], [E:4], [E:3], [E:6], [E:7], [E:10], [E:8], [E:13], [E:19], [E:20], [E:17], [E:11], 		Mutant [CMO-S-REP_FOLMethodCallExpression_method_6.xmi] is trivial

	Executing mutant: CMO-S-REP_FOLMethodCallExpression_method_7.xmi
	[E:19], [E:8], [E:9], [E:15], [E:10], [E:20], [E:6], [E:11], [E:16], [E:14], [E:13], [E:17], [E:18], [E:2], [E:4], [E:7], [E:1], [E:3], [E:12], [E:5], 		Mutant [CMO-S-REP_FOLMethodCallExpression_method_7.xmi] is trivial

	Executing mutant: CMO-S-REP_FOLMethodCallExpression_method_8.xmi
	[E:7], [E:18], [E:13], [E:16], [E:17], [E:2], [E:9], [E:15], [E:11], [E:1], [E:12], [E:14], [E:6], [E:19], [E:5], [E:4], [E:8], [E:3], [E:10], [E:20], 		Mutant [CMO-S-REP_FOLMethodCallExpression_method_8.xmi] is trivial

	Executing mutant: CMO-S-REP_FOLMethodCallExpression_method_9.xmi
	[E:5], [E:9], [E:18], [E:10], [E:12], [E:13], [E:19], [E:17], [E:3], [E:2], [E:11], [E:4], [E:6], [E:1], [E:8], [E:14], [E:16], [E:7], [E:15], [E:20], 		Mutant [CMO-S-REP_FOLMethodCallExpression_method_9.xmi] is trivial

	Executing mutant: CMO-S-REP_FormalParameterExpression_name_1.xmi
	[E:16], [E:4], [E:17], [E:18], [E:3], [E:19], [E:5], [E:10], [E:6], [E:11], [E:14], [E:12], [E:9], [E:7], [E:8], [E:15], [E:20], [E:13], [E:1], [E:2], 		Mutant [CMO-S-REP_FormalParameterExpression_name_1.xmi] is trivial

	Executing mutant: CMO-S-REP_FormalParameterExpression_name_2.xmi
	[E:1], [E:18], [E:9], [E:17], [E:15], [E:10], [E:14], [E:12], [E:16], [E:2], [E:3], [E:19], [E:4], [E:7], [E:13], [E:6], [E:11], [E:5], [E:8], [E:20], 		Mutant [CMO-S-REP_FormalParameterExpression_name_2.xmi] is trivial

	Executing mutant: CMO-S-REP_FormalParameterExpression_name_3.xmi
	[E:1], [E:20], [E:16], [E:5], [E:3], [E:6], [E:7], [E:15], [E:18], [E:11], [E:9], [E:13], [E:17], [E:2], [E:8], [E:10], [E:4], [E:14], [E:19], [E:12], 		Mutant [CMO-S-REP_FormalParameterExpression_name_3.xmi] is trivial

	Executing mutant: CMO-S-REP_FormalParameterExpression_name_4.xmi
	[E:3], [E:1], [E:4], [E:2], [E:5], [E:11], [E:19], [E:7], [E:8], [E:17], [E:16], [E:9], [E:12], [E:14], [E:15], [E:18], [E:20], [E:13], [E:10], [E:6], 		Mutant [CMO-S-REP_FormalParameterExpression_name_4.xmi] is trivial

	Executing mutant: CMO-S-REP_FormalParameterExpression_name_5.xmi
	[E:16], [E:15], [E:10], [E:20], [E:1], [E:7], [E:18], [E:3], [E:19], [E:2], [E:4], [E:12], [E:13], [E:9], [E:14], [E:17], [E:11], [E:6], [E:8], [E:5], 		Mutant [CMO-S-REP_FormalParameterExpression_name_5.xmi] is trivial

	Executing mutant: CMO-S-REP_IfStatement_condition_1.xmi
	[E:17], [E:11], [E:9], [E:13], [E:18], [E:14], [E:1], [E:15], [E:3], [E:7], [E:16], [E:19], [E:6], [E:5], [E:2], [E:8], [E:20], [E:10], [E:12], [E:4], 		Mutant [CMO-S-REP_IfStatement_condition_1.xmi] is trivial

	Executing mutant: CMO-S-REP_IfStatement_condition_2.xmi
	[K:14], [K:20], [K:12], [K:18], [K:16], [K:19], [K:6], [K:2], [K:10], [K:15], [K:11], [K:8], [K:17], [K:9], [K:4], [K:5], [K:13], [K:1], [K:3], [K:7], 		Mutant [CMO-S-REP_IfStatement_condition_2.xmi] is trivial

	Executing mutant: CMO-S-REP_IfStatement_condition_3.xmi
	[N:20], [N:8], [N:16], [N:4], [N:11], [N:10], [N:5], [N:19], [N:12], [N:13], [N:15], [N:7], [N:1], [N:3], [N:2], [N:6], [N:18], [N:9], [N:17], [N:14], 		Mutant [CMO-S-REP_IfStatement_condition_3.xmi] is NOT killed

	Executing mutant: CMO-S-REP_IfStatement_condition_4.xmi
	[K:8], [K:14], [K:17], [K:13], [K:3], [K:11], [K:6], [K:5], [K:19], [K:7], [K:12], [K:9], [K:10], [K:1], [K:4], [K:16], [K:15], [K:20], [K:2], [K:18], 		Mutant [CMO-S-REP_IfStatement_condition_4.xmi] is trivial

	Executing mutant: CMO-S-REP_IfStatement_condition_5.xmi
	[K:13], [K:1], [K:20], [K:16], [K:8], [K:2], [K:6], [K:15], [K:7], [K:18], [K:14], [K:11], [K:9], [K:4], [K:10], [K:3], [K:17], [K:12], [K:5], [K:19], 		Mutant [CMO-S-REP_IfStatement_condition_5.xmi] is trivial

	Executing mutant: CMO-S-REP_IfStatement_condition_6.xmi
	[K:17], [K:16], [K:3], [K:1], [K:10], [K:13], [K:15], [K:9], [K:4], [K:2], [K:6], [K:18], [K:19], [K:11], [K:20], [K:5], [K:14], [K:8], [K:7], [K:12], 		Mutant [CMO-S-REP_IfStatement_condition_6.xmi] is trivial

	Executing mutant: CMO-S-REP_IfStatement_condition_7.xmi
	[N:7], [N:15], [K:17], [K:8], [K:9], [K:11], [K:16], [K:12], [N:13], [K:19], [K:6], [K:4], [K:2], [K:14], [N:1], [K:18], [K:10], [N:3], [K:5], [N:20], 		Mutant [CMO-S-REP_IfStatement_condition_7.xmi] is killed

	Executing mutant: CMO-S-REP_MethodCallExpression_method_1.xmi
	[E:20], [E:10], [E:15], [E:17], [E:4], [E:14], [E:11], [E:12], [E:1], [E:2], [E:7], [E:16], [E:3], [E:19], [E:6], [E:18], [E:5], [E:8], [E:13], [E:9], 		Mutant [CMO-S-REP_MethodCallExpression_method_1.xmi] is trivial

	Executing mutant: CMO-S-REP_MethodCallExpression_method_2.xmi
	[E:13], [K:8], [K:14], [E:3], [E:15], [K:12], [K:18], [E:2], [E:1], [K:19], [K:5], [K:10], [K:6], [K:9], [K:16], [E:20], [E:7], [E:17], [K:11], [K:4], 		Mutant [CMO-S-REP_MethodCallExpression_method_2.xmi] is trivial

	Executing mutant: CMO-S-REP_MethodCallExpression_method_3.xmi
	[E:16], [E:17], [E:3], [E:8], [E:4], [E:6], [E:13], [E:11], [E:10], [E:20], [E:1], [E:2], [E:12], [E:19], [E:14], [E:18], [E:5], [E:9], [E:7], [E:15], 		Mutant [CMO-S-REP_MethodCallExpression_method_3.xmi] is trivial

	Executing mutant: CMO-S-REP_MethodCallExpression_method_4.xmi
	[K:2], [K:3], [K:5], [K:13], [K:6], [K:17], [K:19], [K:14], [K:18], [K:7], [K:15], [K:10], [K:9], [K:16], [K:1], [K:11], [K:12], [K:20], [K:4], [K:8], 		Mutant [CMO-S-REP_MethodCallExpression_method_4.xmi] is trivial

	Executing mutant: CMO-S-REP_MethodCallExpression_method_5.xmi
	[K:13], [K:5], [K:18], [K:4], [K:20], [K:8], [K:11], [K:17], [K:1], [K:2], [K:16], [K:19], [K:9], [K:10], [K:6], [K:14], [K:7], [K:15], [K:12], [K:3], 		Mutant [CMO-S-REP_MethodCallExpression_method_5.xmi] is trivial

	Executing mutant: CMO-S-REP_MethodCallExpression_method_6.xmi
	[K:10], [K:9], [K:14], [K:11], [K:16], [K:19], [K:5], [E:2], [K:8], [K:4], [E:20], [K:12], [K:6], [E:15], [K:18], [E:3], [E:13], [E:17], [E:7], [E:1], 		Mutant [CMO-S-REP_MethodCallExpression_method_6.xmi] is trivial

	Executing mutant: CMO-S-REP_MethodCallExpression_method_7.xmi
	[E:8], [E:13], [E:19], [E:10], [E:11], [E:14], [E:15], [E:5], [E:20], [E:3], [E:1], [E:16], [E:7], [E:18], [E:4], [E:17], [E:2], [E:9], [E:6], [E:12], 		Mutant [CMO-S-REP_MethodCallExpression_method_7.xmi] is trivial

	Executing mutant: CMO-S-REP_MethodCallExpression_method_8.xmi
	[E:17], [E:16], [E:11], [E:7], [E:13], [E:20], [E:8], [E:1], [E:4], [E:5], [E:6], [E:9], [E:15], [E:19], [E:10], [E:18], [E:3], [E:12], [E:2], [E:14], 		Mutant [CMO-S-REP_MethodCallExpression_method_8.xmi] is trivial

	Executing mutant: CMO-S-REP_OperationDefinition_contextType_1.xmi
	[E:6], [E:15], [E:16], [E:2], [E:13], [E:1], [E:14], [E:20], [E:12], [E:8], [E:19], [E:18], [E:5], [E:17], [E:9], [E:4], [E:3], [E:11], [E:7], [E:10], 		Mutant [CMO-S-REP_OperationDefinition_contextType_1.xmi] is trivial

	Executing mutant: CMO-S-REP_OperationDefinition_contextType_2.xmi
	[E:10], [E:15], [E:19], [E:8], [E:7], [E:20], [E:17], [E:18], [E:11], [E:16], [E:2], [E:13], [E:14], [E:1], [E:3], [E:12], [E:4], [E:5], [E:9], [E:6], 		Mutant [CMO-S-REP_OperationDefinition_contextType_2.xmi] is trivial

	Executing mutant: CMO-S-REP_OperationDefinition_returnType_1.xmi
	[E:14], [E:13], [E:15], [E:11], [E:3], [E:6], [E:9], [E:10], [E:16], [E:4], [E:12], [E:1], [E:18], [E:20], [E:2], [E:5], [E:17], [E:19], [E:7], [E:8], 		Mutant [CMO-S-REP_OperationDefinition_returnType_1.xmi] is trivial

	Executing mutant: CMO-S-REP_OperationDefinition_returnType_2.xmi
	[E:1], [E:4], [E:5], [E:15], [E:11], [E:18], [E:8], [E:16], [E:12], [E:17], [E:20], [E:19], [E:7], [E:3], [E:6], [E:10], [E:14], [E:9], [E:13], [E:2], 		Mutant [CMO-S-REP_OperationDefinition_returnType_2.xmi] is trivial

	Executing mutant: CMO-S-REP_OperationDefinition_returnType_3.xmi
	[E:1], [E:8], [E:17], [E:14], [E:11], [E:20], [E:10], [E:5], [E:2], [E:6], [E:12], [E:15], [E:9], [E:7], [E:13], [E:4], [E:18], [E:16], [E:3], [E:19], 		Mutant [CMO-S-REP_OperationDefinition_returnType_3.xmi] is trivial

	Executing mutant: CMO-S-REP_PlusOperatorExpression_inBrackets_5.xmi
	[K:3], [K:15], [K:7], [K:12], [K:5], [K:8], [K:9], [K:20], [K:17], [K:18], [K:1], [K:6], [K:19], [K:13], [K:2], [K:11], [K:4], [K:10], [K:14], [K:16], 		Mutant [CMO-S-REP_PlusOperatorExpression_inBrackets_5.xmi] is trivial

	Executing mutant: CMO-S-REP_PropertyCallExpression_extended_1.xmi
	[E:12], [E:8], [E:1], [E:15], [E:10], [E:16], [E:3], [E:7], [E:5], [E:6], [E:20], [E:17], [E:2], [E:14], [E:4], [E:11], [E:19], [E:13], [E:18], [E:9], 		Mutant [CMO-S-REP_PropertyCallExpression_extended_1.xmi] is trivial

	Executing mutant: CMO-S-REP_PropertyCallExpression_extended_10.xmi
	[E:7], [E:9], [E:20], [E:5], [E:11], [E:2], [E:3], [E:10], [E:14], [E:15], [E:8], [E:17], [E:19], [E:4], [E:12], [E:1], [E:18], [E:16], [E:13], [E:6], 		Mutant [CMO-S-REP_PropertyCallExpression_extended_10.xmi] is trivial

	Executing mutant: CMO-S-REP_PropertyCallExpression_extended_12.xmi
	[E:17], [E:15], [E:6], [E:13], [E:11], [E:8], [E:1], [E:7], [E:14], [E:3], [E:19], [E:4], [E:16], [E:18], [E:20], [E:2], [E:12], [E:5], [E:10], [E:9], 		Mutant [CMO-S-REP_PropertyCallExpression_extended_12.xmi] is trivial

	Executing mutant: CMO-S-REP_PropertyCallExpression_extended_15.xmi
	[E:9], [E:7], [E:11], [E:12], [E:14], [E:3], [E:13], [E:16], [E:8], [E:2], [E:5], [E:17], [E:10], [E:1], [E:20], [E:4], [E:15], [E:18], [E:19], [E:6], 		Mutant [CMO-S-REP_PropertyCallExpression_extended_15.xmi] is trivial

	Executing mutant: CMO-S-REP_PropertyCallExpression_extended_19.xmi
	[E:2], [E:19], [E:11], [E:3], [E:14], [E:13], [E:9], [E:10], [E:18], [E:1], [E:5], [E:20], [E:4], [E:6], [E:8], [E:12], [E:16], [E:17], [E:7], [E:15], 		Mutant [CMO-S-REP_PropertyCallExpression_extended_19.xmi] is trivial

	Executing mutant: CMO-S-REP_PropertyCallExpression_extended_2.xmi
	[E:3], [E:8], [E:20], [E:14], [E:12], [E:2], [E:5], [E:9], [E:18], [E:11], [E:16], [E:19], [E:6], [E:10], [E:4], [E:15], [E:13], [E:1], [E:7], [E:17], 		Mutant [CMO-S-REP_PropertyCallExpression_extended_2.xmi] is trivial

	Executing mutant: CMO-S-REP_PropertyCallExpression_extended_21.xmi
	[E:2], [E:3], [E:5], [E:4], [E:13], [E:14], [E:12], [E:16], [E:10], [E:20], [E:7], [E:17], [E:6], [E:11], [E:15], [E:1], [E:19], [E:18], [E:8], [E:9], 		Mutant [CMO-S-REP_PropertyCallExpression_extended_21.xmi] is trivial

	Executing mutant: CMO-S-REP_PropertyCallExpression_extended_23.xmi
	[E:7], [E:4], [E:1], [E:12], [E:14], [E:16], [E:18], [E:8], [E:19], [E:2], [E:15], [E:11], [E:9], [E:13], [E:5], [E:10], [E:6], [E:3], [E:17], [E:20], 		Mutant [CMO-S-REP_PropertyCallExpression_extended_23.xmi] is trivial

	Executing mutant: CMO-S-REP_PropertyCallExpression_extended_24.xmi
	[E:9], [E:13], [E:10], [E:15], [E:5], [E:16], [E:4], [E:18], [E:12], [E:7], [E:14], [E:2], [E:1], [E:11], [E:6], [E:3], [E:20], [E:19], [E:8], [E:17], 		Mutant [CMO-S-REP_PropertyCallExpression_extended_24.xmi] is trivial

	Executing mutant: CMO-S-REP_PropertyCallExpression_extended_3.xmi
	[E:19], [E:11], [E:5], [E:16], [E:1], [E:6], [E:4], [E:13], [E:9], [E:7], [E:12], [E:14], [E:20], [E:2], [E:8], [E:15], [E:10], [E:18], [E:3], [E:17], 		Mutant [CMO-S-REP_PropertyCallExpression_extended_3.xmi] is trivial

	Executing mutant: CMO-S-REP_PropertyCallExpression_extended_4.xmi
	[E:10], [E:6], [E:13], [E:8], [E:9], [E:5], [E:2], [E:7], [E:15], [E:16], [E:3], [E:20], [E:4], [E:14], [E:17], [E:19], [E:12], [E:1], [E:11], [E:18], 		Mutant [CMO-S-REP_PropertyCallExpression_extended_4.xmi] is trivial

	Executing mutant: CMO-S-REP_PropertyCallExpression_extended_7.xmi
	[E:11], [E:20], [E:3], [E:7], [E:9], [E:4], [E:5], [E:10], [E:17], [E:19], [E:2], [E:6], [E:16], [E:15], [E:18], [E:12], [E:1], [E:14], [E:13], [E:8], 		Mutant [CMO-S-REP_PropertyCallExpression_extended_7.xmi] is trivial

	Executing mutant: CMO-S-REP_VariableDeclarationExpression_name_1.xmi
	[E:12], [E:14], [E:15], [E:17], [E:19], [E:6], [E:11], [E:16], [E:13], [E:5], [E:7], [E:3], [E:8], [E:10], [E:1], [E:9], [E:18], [E:20], [E:2], [E:4], 		Mutant [CMO-S-REP_VariableDeclarationExpression_name_1.xmi] is trivial

	Executing mutant: CMO-S-REP_VariableDeclarationExpression_name_2.xmi
	[E:13], [E:9], [E:8], [E:15], [E:7], [E:19], [E:11], [E:16], [E:3], [E:1], [E:10], [E:5], [E:14], [E:4], [E:20], [E:12], [E:17], [E:2], [E:6], [E:18], 		Mutant [CMO-S-REP_VariableDeclarationExpression_name_2.xmi] is trivial

	Executing mutant: CMO-S-REP_VariableDeclarationExpression_name_3.xmi
	[E:12], [E:16], [E:20], [E:13], [E:2], [E:1], [E:6], [E:9], [E:7], [E:15], [E:14], [E:17], [E:5], [E:4], [E:10], [E:18], [E:11], [E:8], [E:19], [E:3], 		Mutant [CMO-S-REP_VariableDeclarationExpression_name_3.xmi] is trivial

	Executing mutant: CMO-S-REP_VariableDeclarationExpression_name_4.xmi
	[E:6], [E:18], [E:11], [E:13], [E:7], [E:8], [E:14], [E:9], [E:20], [E:16], [E:17], [E:2], [E:3], [E:12], [E:5], [E:4], [E:19], [E:1], [E:10], [E:15], 		Mutant [CMO-S-REP_VariableDeclarationExpression_name_4.xmi] is trivial

	Executing mutant: CMO-S-REP_VariableDeclarationExpression_name_5.xmi
	[E:2], [E:14], [E:12], [E:5], [E:13], [E:17], [E:7], [E:18], [E:20], [E:8], [E:15], [E:19], [E:10], [E:16], [E:6], [E:4], [E:3], [E:11], [E:1], [E:9], 		Mutant [CMO-S-REP_VariableDeclarationExpression_name_5.xmi] is trivial

	Executing mutant: CMO-S-REP_VariableDeclarationExpression_resolvedType_1.xmi
	[E:16], [E:11], [E:14], [E:15], [E:7], [E:17], [E:4], [E:8], [E:9], [E:1], [E:20], [E:10], [E:13], [E:12], [E:18], [E:5], [E:6], [E:19], [E:2], [E:3], 		Mutant [CMO-S-REP_VariableDeclarationExpression_resolvedType_1.xmi] is trivial

	Executing mutant: CMO-S-REP_VariableDeclarationExpression_resolvedType_2.xmi
	[N:3], [N:8], [N:17], [N:20], [N:13], [N:15], [N:12], [N:19], [N:6], [N:16], [N:7], [N:1], [N:11], [N:14], [N:4], [N:9], [N:5], [N:10], [N:2], [N:18], 		Mutant [CMO-S-REP_VariableDeclarationExpression_resolvedType_2.xmi] is NOT killed

	Executing mutant: CMO-S-REP_WhileStatement_condition_1.xmi
	[K:15], [K:9], [K:5], [K:11], [K:17], [K:2], [K:10], [K:4], [K:12], [K:18], [K:1], [K:8], [K:6], [K:7], [K:16], [K:20], [K:19], [K:13], [K:3], [K:14], 		Mutant [CMO-S-REP_WhileStatement_condition_1.xmi] is trivial

End Execution....(3 mins)
