Operators Execution: ECoreUtil
	Executing mutation operator: OperationDefinition_body_replacement.emu
	Executing mutation operator: ExpressionList_expressions_deletion.emu
	Executing mutation operator: IfStatement_elseBody_replacement.emu
	Executing mutation operator: SwitchCaseExpressionStatement_expression_replacement.emu
	Executing mutation operator: OperationDefinition_parameters_deletion.emu
	Executing mutation operator: IfStatement_elseBody_deletion.emu
	Executing mutation operator: Expression_resolvedType_replacement.emu
	Executing mutation operator: SimpleAnnotationStatement_values_addition.emu
	Executing mutation operator: ExpressionOrStatementBlock_block_replacement.emu
	Executing mutation operator: MethodCallExpression_arguments_replacement.emu
	Executing mutation operator: CollectionExpression_contents_replacement.emu
	Executing mutation operator: OperationDefinition_annotationBlock_deletion.emu
	Executing mutation operator: IfStatement_condition_replacement.emu
	Executing mutation operator: ExpressionOrStatementBlock_expression_replacement.emu
	Executing mutation operator: ExecutableAnnotationStatement_expression_replacement.emu
	Executing mutation operator: OperationDefinition_annotationBlock_addition.emu
	Executing mutation operator: ExpressionRange_end_replacement.emu
	Executing mutation operator: SimpleAnnotationStatement_values_deletion.emu
	Executing mutation operator: OperationDefinition_parameters_addition.emu
	Executing mutation operator: IfStatement_ifBody_replacement.emu
	Executing mutation operator: IfStatement_elseBody_addition.emu
	Executing mutation operator: FOLMethodCallExpression_conditions_replacement.emu
	Executing mutation operator: MapExpression_keyValues_replacement.emu
	Executing mutation operator: ForStatement_body_replacement.emu
	Executing mutation operator: ExpressionList_expressions_addition.emu
	Executing mutation operator: Expression_inBrackets_replacement.emu
	Executing mutation operator: EOLLibraryModule_imports_addition.emu
	Executing mutation operator: FOLMethodCallExpression_conditions_addition.emu
	Executing mutation operator: Import_imported_replacement.emu
	Executing mutation operator: ExpressionOrStatementBlock_block_addition.emu
	Executing mutation operator: OperationDefinition_result_deletion.emu
	Executing mutation operator: SimpleAnnotationStatement_values_replacement.emu
	Executing mutation operator: KeyValueExpression_value_replacement.emu
	Executing mutation operator: IfStatement_elseIfBodies_addition.emu
	Executing mutation operator: ModelElementType_modelName_addition.emu
	Executing mutation operator: EOLLibraryModule_imports_replacement.emu
	Executing mutation operator: FOLMethodCallExpression_method_replacement.emu
	Executing mutation operator: EOLLibraryModule_modelDeclarations_addition.emu
	Executing mutation operator: EOLModule_block_replacement.emu
	Executing mutation operator: ExpressionStatement_expression_replacement.emu
	Executing mutation operator: ModelElementType_modelName_deletion.emu
	Executing mutation operator: ForStatement_iterator_replacement.emu
	Executing mutation operator: ReturnStatement_expression_replacement.emu
	Executing mutation operator: EOLLibraryModule_modelDeclarations_deletion.emu
	Executing mutation operator: IfStatement_elseIfBodies_deletion.emu
	Executing mutation operator: VariableDeclarationExpression_create_replacement.emu
	Executing mutation operator: NewExpression_typeName_replacement.emu
	Executing mutation operator: AnnotationStatement_name_replacement.emu
	Executing mutation operator: EOLLibraryModule_imports_deletion.emu
	Executing mutation operator: IfStatement_elseIfBodies_replacement.emu
	Executing mutation operator: ExpressionRange_start_replacement.emu
	Executing mutation operator: OperationDefinition_result_addition.emu
	Executing mutation operator: FOLMethodCallExpression_conditions_deletion.emu
	Executing mutation operator: ExpressionOrStatementBlock_block_deletion.emu
	Executing mutation operator: ExpressionOrStatementBlock_condition_addition.emu
	Executing mutation operator: KeyValueExpression_key_replacement.emu
	Executing mutation operator: ModelElementType_modelName_replacement.emu
	Executing mutation operator: EOLLibraryModule_modelDeclarations_replacement.emu
	Executing mutation operator: MapExpression_keyValues_addition.emu
	Executing mutation operator: SwitchStatement_default_deletion.emu
	Executing mutation operator: EOLLibraryModule_operations_deletion.emu
	Executing mutation operator: ForStatement_condition_replacement.emu
	Executing mutation operator: ExpressionOrStatementBlock_condition_replacement.emu
	Executing mutation operator: OperationDefinition_body_deletion.emu
	Executing mutation operator: SwitchStatement_cases_replacement.emu
	Executing mutation operator: EOLModule_block_deletion.emu
	Executing mutation operator: CollectionExpression_contents_deletion.emu
	Executing mutation operator: SwitchStatement_cases_addition.emu
	Executing mutation operator: OperationDefinition_annotationBlock_replacement.emu
	Executing mutation operator: FeatureCallExpression_target_addition.emu
	Executing mutation operator: FeatureCallExpression_target_replacement.emu
	Executing mutation operator: SwitchStatement_cases_deletion.emu
	Executing mutation operator: PropertyCallExpression_extended_replacement.emu
	Executing mutation operator: MethodCallExpression_method_replacement.emu
	Executing mutation operator: SwitchStatement_default_replacement.emu
	Executing mutation operator: FeatureCallExpression_target_deletion.emu
	Executing mutation operator: OperationDefinition_body_addition.emu
	Executing mutation operator: EOLLibraryModule_operations_addition.emu
	Executing mutation operator: CollectionExpression_contents_addition.emu
	Executing mutation operator: EOLModule_block_addition.emu
	Executing mutation operator: MapExpression_keyValues_deletion.emu
	Executing mutation operator: SwitchStatement_default_addition.emu
	Executing mutation operator: ExpressionOrStatementBlock_condition_deletion.emu
	Executing mutation operator: PropertyCallExpression_property_replacement.emu
	Executing mutation operator: OperationDefinition_result_replacement.emu
	Executing mutation operator: OperationDefinition_self_replacement.emu
	Executing mutation operator: ExpressionOrStatementBlock_expression_addition.emu
	Executing mutation operator: Block_statements_addition.emu
	Executing mutation operator: EOLLibraryModule_operations_replacement.emu
	Executing mutation operator: MethodCallExpression_arguments_addition.emu
	Executing mutation operator: ExpressionList_expressions_replacement.emu
	Executing mutation operator: WhileStatement_condition_replacement.emu
	Executing mutation operator: SwitchStatement_expression_replacement.emu
	Executing mutation operator: OperationDefinition_contextType_replacement.emu
	Executing mutation operator: AssignmentStatement_rhs_replacement.emu
	Executing mutation operator: FOLMethodCallExpression_iterator_replacement.emu
	Executing mutation operator: WhileStatement_body_replacement.emu
	Executing mutation operator: OperationDefinition_parameters_replacement.emu
	Executing mutation operator: SwitchCaseStatement_body_replacement.emu
	Executing mutation operator: MethodCallExpression_arguments_deletion.emu
	Executing mutation operator: OperationDefinition_returnType_replacement.emu
	Executing mutation operator: Block_statements_replacement.emu
	Executing mutation operator: ExpressionOrStatementBlock_expression_deletion.emu
	Executing mutation operator: Block_statements_deletion.emu
	Executing mutation operator: VariableDeclarationExpression_name_replacement.emu
Done Execution...(2 mins)
